<?xml version="1.0" encoding="UTF-8"?>
<!-- Generated by org.testng.reporters.JUnitReportReporter -->
<testsuite hostname="LAPTOP-KRRF1NGI" failures="0" tests="2" name="Com.sauceDemo.TestPackage.TC04_VerifyAllProductsAddToCartFunctionality" time="24.089" errors="0" timestamp="2022-11-01T22:56:48 IST" skipped="0">
  <testcase classname="Com.sauceDemo.TestPackage.TC04_VerifyAllProductsAddToCartFunctionality" name="verifyAllProductsAddToCart" time="10.052"/>
  <system-out/>
  <testcase classname="Com.sauceDemo.TestPackage.TC04_VerifyAllProductsAddToCartFunctionality" name="verifyAllProductsAddToCart" time="14.037"/>
  <system-out/>
</testsuite> <!-- Com.sauceDemo.TestPackage.TC04_VerifyAllProductsAddToCartFunctionality -->
