<?xml version="1.0" encoding="UTF-8"?>
<!-- Generated by org.testng.reporters.JUnitReportReporter -->
<testsuite hostname="LAPTOP-KRRF1NGI" failures="0" tests="2" name="Com.sauceDemo.TestPackage.TC03_Verify_BagProduct_AddToCart_Functionality" time="19.709" errors="0" timestamp="2022-11-01T22:56:48 IST" skipped="0">
  <testcase classname="Com.sauceDemo.TestPackage.TC03_Verify_BagProduct_AddToCart_Functionality" name="verifyBagProductAddToCart" time="9.918"/>
  <system-out/>
  <testcase classname="Com.sauceDemo.TestPackage.TC03_Verify_BagProduct_AddToCart_Functionality" name="verifyBagProductAddToCart" time="9.791"/>
  <system-out/>
</testsuite> <!-- Com.sauceDemo.TestPackage.TC03_Verify_BagProduct_AddToCart_Functionality -->
